\BOOKMARK [1][-]{section.1}{\376\377\225\356\230\230\143\317\217\360\116\016\213\276\213\241\211\201\154\102}{}% 1
\BOOKMARK [2][-]{subsection.1.1}{\376\377\230\230\166\356\143\317\217\360}{section.1}% 2
\BOOKMARK [2][-]{subsection.1.2}{\376\377\213\276\213\241\211\201\154\102}{section.1}% 3
\BOOKMARK [1][-]{section.2}{\376\377\213\276\213\241\145\271\150\110}{}% 4
\BOOKMARK [2][-]{subsection.2.1}{\376\377\213\276\213\241\140\035\215\357}{section.2}% 5
\BOOKMARK [2][-]{subsection.2.2}{\376\377\213\241\145\366\126\150\152\041\127\127}{section.2}% 6
\BOOKMARK [3][-]{subsubsection.2.2.1}{\376\377\0005\0005\0005\133\232\145\366\126\150}{subsection.2.2}% 7
\BOOKMARK [2][-]{subsection.2.3}{\376\377\213\241\145\160\126\150}{section.2}% 8
\BOOKMARK [3][-]{subsubsection.2.3.1}{\376\377\213\241\145\160\126\150\220\011\142\351}{subsection.2.3}% 9
\BOOKMARK [3][-]{subsubsection.2.3.2}{\376\377\213\241\145\160\126\150\217\336\143\245}{subsection.2.3}% 10
\BOOKMARK [2][-]{subsection.2.4}{\376\377\143\247\122\066\152\041\127\127}{section.2}% 11
\BOOKMARK [3][-]{subsubsection.2.4.1}{\376\377\000R\000E\000S\000E\000T\143\011\225\056}{subsection.2.4}% 12
\BOOKMARK [3][-]{subsubsection.2.4.2}{\376\377\000S\000T\000A\000R\000T\000/\000P\000A\000U\000S\000E\143\011\225\056}{subsection.2.4}% 13
\BOOKMARK [2][-]{subsection.2.5}{\376\377\142\245\213\146\152\041\127\127}{section.2}% 14
\BOOKMARK [3][-]{subsubsection.2.5.1}{\376\377\207\002\236\043\126\150\116\313\176\315}{subsection.2.5}% 15
\BOOKMARK [3][-]{subsubsection.2.5.2}{\376\377\207\002\236\043\126\150\217\336\143\245}{subsection.2.5}% 16
\BOOKMARK [2][-]{subsection.2.6}{\376\377\145\160\170\001\173\241\146\076\171\072\152\041\127\127}{section.2}% 17
\BOOKMARK [3][-]{subsubsection.2.6.1}{\376\377\0004\0005\0001\0001\000B\000P\116\313\176\315}{subsection.2.6}% 18
\BOOKMARK [3][-]{subsubsection.2.6.2}{\376\377\0004\0005\0001\0001\000B\000P\217\336\143\245}{subsection.2.6}% 19
\BOOKMARK [1][-]{section.3}{\376\377\165\065\215\357\126\376}{}% 20
\BOOKMARK [1][-]{section.4}{\376\377\133\236\232\214\140\073\176\323}{}% 21
